0 info it worked if it ends with ok
1 verbose cli [ 'E:\\Program Files\\nodejs\\node.exe',
1 verbose cli   'E:\\Program Files\\nodejs\\node_modules\\npm\\bin\\npm-cli.js',
1 verbose cli   'start' ]
2 info using npm@3.10.10
3 info using node@v6.10.2
4 verbose run-script [ 'prestart', 'start', 'poststart' ]
5 info lifecycle swagger-spec@1.0.0~prestart: swagger-spec@1.0.0
6 silly lifecycle swagger-spec@1.0.0~prestart: no script for prestart, continuing
7 info lifecycle swagger-spec@1.0.0~start: swagger-spec@1.0.0
8 verbose lifecycle swagger-spec@1.0.0~start: unsafe-perm in lifecycle true
9 verbose lifecycle swagger-spec@1.0.0~start: PATH: E:\Program Files\nodejs\node_modules\npm\bin\node-gyp-bin;E:\www\babequeue-backend\api\spec\node_modules\.bin;C:\Program Files\cmder\bin;C:\Program Files\cmder\vendor\conemu-maximus5\ConEmu\Scripts;C:\Program Files\cmder\vendor\conemu-maximus5;C:\Program Files\cmder\vendor\conemu-maximus5\ConEmu;C:\Program Files\Docker\Docker\Resources\bin;C:\Program Files (x86)\NVIDIA Corporation\PhysX\Common;C:\Windows\system32;C:\Windows;C:\Windows\System32\Wbem;C:\Windows\System32\WindowsPowerShell\v1.0\;E:\Program Files\nodejs\;E:\Program Files\Git\cmd;C:\Program Files (x86)\Skype\Phone\;C:\Program Files\MiKTeX 2.9\miktex\bin\x64\;D:\Anaconda;D:\Anaconda\Scripts;D:\Anaconda\Library\bin;E:\Ruby23-x64\bin;E:\Python\Scripts\;E:\Python\;C:\Users\Student219317\AppData\Local\Microsoft\WindowsApps;C:\Users\Student219317\AppData\Roaming\npm;E:\Program Files\Heroku\bin;C:\Users\Student219317\AppData\Local\atom\bin;C:\Program Files\Microsoft VS Code\bin;C:\Users\Student219317\AppData\Local\GitHubDesktop\bin;E:\Program Files\Git\usr\bin;E:\Program Files\Git\usr\share\vim\vim74;C:\Program Files\cmder\
10 verbose lifecycle swagger-spec@1.0.0~start: CWD: E:\www\babequeue-backend\api\spec
11 silly lifecycle swagger-spec@1.0.0~start: Args: [ '/d /s /c',
11 silly lifecycle   'nodemon --watch src/ resolver.js --verbose -e yaml' ]
12 silly lifecycle swagger-spec@1.0.0~start: Returned: code: 3221225786  signal: null
13 info lifecycle swagger-spec@1.0.0~start: Failed to exec start script
14 verbose stack Error: swagger-spec@1.0.0 start: `nodemon --watch src/ resolver.js --verbose -e yaml`
14 verbose stack Exit status 3221225786
14 verbose stack     at EventEmitter.<anonymous> (E:\Program Files\nodejs\node_modules\npm\lib\utils\lifecycle.js:255:16)
14 verbose stack     at emitTwo (events.js:106:13)
14 verbose stack     at EventEmitter.emit (events.js:191:7)
14 verbose stack     at ChildProcess.<anonymous> (E:\Program Files\nodejs\node_modules\npm\lib\utils\spawn.js:40:14)
14 verbose stack     at emitTwo (events.js:106:13)
14 verbose stack     at ChildProcess.emit (events.js:191:7)
14 verbose stack     at maybeClose (internal/child_process.js:886:16)
14 verbose stack     at Process.ChildProcess._handle.onexit (internal/child_process.js:226:5)
15 verbose pkgid swagger-spec@1.0.0
16 verbose cwd E:\www\babequeue-backend\api\spec
17 error Windows_NT 10.0.15063
18 error argv "E:\\Program Files\\nodejs\\node.exe" "E:\\Program Files\\nodejs\\node_modules\\npm\\bin\\npm-cli.js" "start"
19 error node v6.10.2
20 error npm  v3.10.10
21 error code ELIFECYCLE
22 error swagger-spec@1.0.0 start: `nodemon --watch src/ resolver.js --verbose -e yaml`
22 error Exit status 3221225786
23 error Failed at the swagger-spec@1.0.0 start script 'nodemon --watch src/ resolver.js --verbose -e yaml'.
23 error Make sure you have the latest version of node.js and npm installed.
23 error If you do, this is most likely a problem with the swagger-spec package,
23 error not with npm itself.
23 error Tell the author that this fails on your system:
23 error     nodemon --watch src/ resolver.js --verbose -e yaml
23 error You can get information on how to open an issue for this project with:
23 error     npm bugs swagger-spec
23 error Or if that isn't available, you can get their info via:
23 error     npm owner ls swagger-spec
23 error There is likely additional logging output above.
24 verbose exit [ 1, true ]
